0 info it worked if it ends with ok
1 verbose cli [ '/usr/bin/nodejs', '/usr/bin/npm', 'install', 'justgage' ]
2 info using npm@1.3.10
3 info using node@v0.10.25
4 verbose readDependencies using package.json deps
5 verbose cache add [ 'justgage', null ]
6 verbose cache add name=undefined spec="justgage" args=["justgage",null]
7 verbose parsed url { protocol: null,
7 verbose parsed url   slashes: null,
7 verbose parsed url   auth: null,
7 verbose parsed url   host: null,
7 verbose parsed url   port: null,
7 verbose parsed url   hostname: null,
7 verbose parsed url   hash: null,
7 verbose parsed url   search: null,
7 verbose parsed url   query: null,
7 verbose parsed url   pathname: 'justgage',
7 verbose parsed url   path: 'justgage',
7 verbose parsed url   href: 'justgage' }
8 silly lockFile d46b63ea-justgage justgage
9 verbose lock justgage /home/micha/.npm/d46b63ea-justgage.lock
10 silly lockFile d46b63ea-justgage justgage
11 silly lockFile d46b63ea-justgage justgage
12 verbose addNamed [ 'justgage', '' ]
13 verbose addNamed [ null, '*' ]
14 silly lockFile 2020c635-justgage justgage@
15 verbose lock justgage@ /home/micha/.npm/2020c635-justgage.lock
16 silly addNameRange { name: 'justgage', range: '*', hasData: false }
17 verbose url raw justgage
18 verbose url resolving [ 'https://registry.npmjs.org/', './justgage' ]
19 verbose url resolved https://registry.npmjs.org/justgage
20 info trying registry request attempt 1 at 23:17:28
21 http GET https://registry.npmjs.org/justgage
22 http 404 https://registry.npmjs.org/justgage
23 silly registry.get cb [ 404,
23 silly registry.get   { server: 'CouchDB/1.5.0 (Erlang OTP/R16B03)',
23 silly registry.get     'content-type': 'application/json',
23 silly registry.get     'cache-control': 'max-age=0',
23 silly registry.get     'content-length': '51',
23 silly registry.get     'accept-ranges': 'bytes',
23 silly registry.get     date: 'Sun, 07 Jun 2015 21:17:28 GMT',
23 silly registry.get     via: '1.1 varnish',
23 silly registry.get     age: '0',
23 silly registry.get     connection: 'keep-alive',
23 silly registry.get     'x-served-by': 'cache-fra1222-FRA',
23 silly registry.get     'x-cache': 'MISS',
23 silly registry.get     'x-cache-hits': '0',
23 silly registry.get     'x-timer': 'S1433711848.244916,VS0,VE731' } ]
24 silly lockFile 2020c635-justgage justgage@
25 silly lockFile 2020c635-justgage justgage@
26 error 404 'justgage' is not in the npm registry.
26 error 404 You should bug the author to publish it
26 error 404
26 error 404 Note that you can also install from a
26 error 404 tarball, folder, or http url, or git url.
27 error System Linux 3.13.0-52-generic
28 error command "/usr/bin/nodejs" "/usr/bin/npm" "install" "justgage"
29 error cwd /home/micha/msb
30 error node -v v0.10.25
31 error npm -v 1.3.10
32 error code E404
33 verbose exit [ 1, true ]
